Building DAG of jobs...
Provided cores: 16
Rules claiming more threads will be scaled down.
Job stats:
job                 count
----------------  -------
all                     1
extract_features        1
total                   2

Select jobs to execute...

[Wed Nov 15 11:39:38 2023]
rule extract_features:
    input: nucleoid_feature_extraction.py, 01nucleoid_meshdata/230516-MG1655-M9glu-DAPI_nucleoid_meshdata.pkl, 01image/230516-MG1655-M9glu-DAPI_XY01_DAPI.tif, 01image/230516-MG1655-M9glu-DAPI_XY02_DAPI.tif, 01image/230516-MG1655-M9glu-DAPI_XY03_DAPI.tif, 01image/230516-MG1655-M9glu-DAPI_XY04_DAPI.tif, 01image/230516-MG1655-M9glu-DAPI_XY05_DAPI.tif, 01image/230516-MG1655-M9glu-DAPI_XY06_DAPI.tif, 01image/230516-MG1655-M9glu-DAPI_XY07_DAPI.tif, 01image/230516-MG1655-M9glu-DAPI_XY08_DAPI.tif, 01image/230516-MG1655-M9glu-DAPI_XY09_DAPI.tif, 01image/230516-MG1655-M9glu-DAPI_XY10_DAPI.tif, 01image/230516-MG1655-M9glu-DAPI_XY11_DAPI.tif, 01image/230516-MG1655-M9glu-DAPI_XY12_DAPI.tif, 01image/230516-MG1655-M9glu-DAPI_XY13_DAPI.tif, 01image/230516-MG1655-M9glu-DAPI_XY14_DAPI.tif, 01image/230516-MG1655-M9glu-DAPI_XY15_DAPI.tif
    output: 02nucleoid_feature/230516-MG1655-M9glu-DAPI_nucleoid_feature.pkl
    jobid: 1
    reason: Missing output files: 02nucleoid_feature/230516-MG1655-M9glu-DAPI_nucleoid_feature.pkl
    wildcards: file_name=230516-MG1655-M9glu-DAPI
    resources: tmpdir=C:\Users\jade\AppData\Local\Temp

[Wed Nov 15 11:39:44 2023]
Finished job 1.
1 of 2 steps (50%) done
Select jobs to execute...

[Wed Nov 15 11:39:44 2023]
localrule all:
    input: 02nucleoid_feature/230516-MG1655-M9glu-DAPI_nucleoid_feature.pkl
    jobid: 0
    reason: Input files updated by another job: 02nucleoid_feature/230516-MG1655-M9glu-DAPI_nucleoid_feature.pkl
    resources: tmpdir=C:\Users\jade\AppData\Local\Temp

[Wed Nov 15 11:39:44 2023]
Finished job 0.
2 of 2 steps (100%) done
Complete log: .snakemake\log\2023-11-15T113938.642214.snakemake.log
