Building DAG of jobs...
Provided cores: 16
Rules claiming more threads will be scaled down.
Job stats:
job                 count
----------------  -------
all                     1
extract_features        1
make_plot               1
total                   3

Select jobs to execute...

[Tue Nov 21 10:46:20 2023]
rule extract_features:
    input: nucleoid_feature_extraction.py, 01nucleoid_meshdata/230516-MG1655-M9glu-DAPI_nucleoid_meshdata.pkl, 01image/230516-MG1655-M9glu-DAPI_XY01_DAPI.tif, 01image/230516-MG1655-M9glu-DAPI_XY02_DAPI.tif, 01image/230516-MG1655-M9glu-DAPI_XY03_DAPI.tif, 01image/230516-MG1655-M9glu-DAPI_XY04_DAPI.tif, 01image/230516-MG1655-M9glu-DAPI_XY05_DAPI.tif, 01image/230516-MG1655-M9glu-DAPI_XY06_DAPI.tif, 01image/230516-MG1655-M9glu-DAPI_XY07_DAPI.tif, 01image/230516-MG1655-M9glu-DAPI_XY08_DAPI.tif, 01image/230516-MG1655-M9glu-DAPI_XY09_DAPI.tif, 01image/230516-MG1655-M9glu-DAPI_XY10_DAPI.tif, 01image/230516-MG1655-M9glu-DAPI_XY11_DAPI.tif, 01image/230516-MG1655-M9glu-DAPI_XY12_DAPI.tif, 01image/230516-MG1655-M9glu-DAPI_XY13_DAPI.tif, 01image/230516-MG1655-M9glu-DAPI_XY14_DAPI.tif, 01image/230516-MG1655-M9glu-DAPI_XY15_DAPI.tif
    output: 02nucleoid_feature/230516-MG1655-M9glu-DAPI_nucleoid_feature.pkl
    jobid: 1
    reason: Missing output files: 02nucleoid_feature/230516-MG1655-M9glu-DAPI_nucleoid_feature.pkl
    wildcards: file_name=230516-MG1655-M9glu-DAPI
    resources: tmpdir=C:\Users\jade\AppData\Local\Temp

Waiting at most 5 seconds for missing files.
MissingOutputException in rule extract_features in file c:\Jade\thesis\data\pipline\Snakefile, line 35:
Job 1  completed successfully, but some output files are missing. Missing files after 5 seconds. This might be due to filesystem latency. If that is the case, consider to increase the wait time with --latency-wait:
02nucleoid_feature/230516-MG1655-M9glu-DAPI_nucleoid_feature.pkl
Shutting down, this might take some time.
Exiting because a job execution failed. Look above for error message
Complete log: .snakemake\log\2023-11-21T104619.585154.snakemake.log
